START
Wed Aug 30 18:31:50 PDT 2017 --- RUNNING pollux
./run_pollux.sh: line 94: /pollux: No such file or directory
Wed Aug 30 18:31:50 PDT 2017 --- TOTAL RUNTIME: 0:00:00:0.0056
Wed Aug 30 18:31:50 PDT 2017 --- FINISHED RUNNING pollux 
Wed Aug 30 18:31:50 PDT 2017 --- TRANSFORMING OUTPUT
Wed Aug 30 18:31:50 PDT 2017 --- TRANSFORMING OUTPUT DONE
Wed Aug 30 18:31:50 PDT 2017 --- COPYING OUTPUT FILE
Wed Aug 30 18:31:50 PDT 2017 --- COPYING OUTPUT FILE DONE
Wed Aug 30 18:31:50 PDT 2017 --- REMOVING TEMPORARY FILES
Wed Aug 30 18:31:50 PDT 2017 --- REMOVING TEMPORARY FILES DONE
DONESTART
Wed Aug 30 18:32:06 PDT 2017 --- RUNNING pollux
./run_pollux.sh: line 94: /pollux: No such file or directory
Wed Aug 30 18:32:06 PDT 2017 --- TOTAL RUNTIME: 0:00:00:0.0044
Wed Aug 30 18:32:06 PDT 2017 --- FINISHED RUNNING pollux 
Wed Aug 30 18:32:06 PDT 2017 --- TRANSFORMING OUTPUT
Wed Aug 30 18:32:06 PDT 2017 --- TRANSFORMING OUTPUT DONE
Wed Aug 30 18:32:06 PDT 2017 --- COPYING OUTPUT FILE
Wed Aug 30 18:32:06 PDT 2017 --- COPYING OUTPUT FILE DONE
Wed Aug 30 18:32:06 PDT 2017 --- REMOVING TEMPORARY FILES
Wed Aug 30 18:32:06 PDT 2017 --- REMOVING TEMPORARY FILES DONE
DONE